<?xml version="1.0" encoding="UTF-8"?>
<!-- Generated by org.testng.reporters.JUnitReportReporter -->
<testsuite name="tests.GmailTest" tests="5" time="12.846" ignored="0" failures="0" timestamp="16 Aug 2017 06:40:40 GMT" skipped="0" hostname="EPRURYAW0076" errors="0">
  <testcase name="verifySentMails" time="0.397" classname="tests.GmailTest"/>
  <testcase name="writeLetterAndSave" time="4.233" classname="tests.GmailTest"/>
  <testcase name="loginValidUser" time="5.105" classname="tests.GmailTest"/>
  <testcase name="cleanUp" time="1.241" classname="tests.GmailTest"/>
  <testcase name="verifyInputFields" time="1.870" classname="tests.GmailTest"/>
</testsuite> <!-- tests.GmailTest -->
